C51 COMPILER V9.60.7.0   MAIN                                                              01/12/2023 16:40:36 PAGE 1   


C51 COMPILER V9.60.7.0, COMPILATION OF MODULE MAIN
OBJECT MODULE PLACED IN .\Objects\main.obj
COMPILER INVOKED BY: C:\Keil_v5\C51\BIN\C51.EXE main.c OPTIMIZE(8,SPEED) BROWSE DEBUG OBJECTEXTEND PRINT(.\Listings\main
                    -.lst) TABS(2) OBJECT(.\Objects\main.obj)

line level    source

   1          #include <REGX52.H>
   2          #include <INTRINS.H>
   3          
   4          void Delay1ms(unsigned int x)   //@12.000MHz
   5          {
   6   1        unsigned char i, j;
   7   1        while(x)
   8   1        {   
   9   2          i = 2;
  10   2          j = 239;
  11   2          do
  12   2          {
  13   3            while (--j);
  14   3          } while (--i);
  15   2          
  16   2          x--;
  17   2        }
  18   1      }
  19          
  20          
  21          void main()
  22          {
  23   1        while(1)
  24   1        {
  25   2          P2=0xFE;//11111110
  26   2          Delay1ms(500);
  27   2          P2=0xFD;//11111101
  28   2          Delay1ms(500);
  29   2          P2=0xFB;//1111 1011
  30   2          Delay1ms(500);
  31   2          P2=0xF7;//1111 0111
  32   2          Delay1ms(500);
  33   2          P2=0xEF;//1110 1111
  34   2          Delay1ms(500);
  35   2          P2=0xDF;//11011111
  36   2          Delay1ms(500);
  37   2          P2=0xBF;//10111111
  38   2          Delay1ms(500);
  39   2          P2=0x7F;//0111 1111
  40   2          Delay1ms(500);
  41   2        }
  42   1      }
  43            


MODULE INFORMATION:   STATIC OVERLAYABLE
   CODE SIZE        =     74    ----
   CONSTANT SIZE    =   ----    ----
   XDATA SIZE       =   ----    ----
   PDATA SIZE       =   ----    ----
   DATA SIZE        =   ----    ----
   IDATA SIZE       =   ----    ----
   BIT SIZE         =   ----    ----
END OF MODULE INFORMATION.

C51 COMPILER V9.60.7.0   MAIN                                                              01/12/2023 16:40:36 PAGE 2   


C51 COMPILATION COMPLETE.  0 WARNING(S),  0 ERROR(S)
