C51 COMPILER V9.60.7.0   MAIN                                                              01/12/2023 21:29:55 PAGE 1   


C51 COMPILER V9.60.7.0, COMPILATION OF MODULE MAIN
OBJECT MODULE PLACED IN .\Objects\main.obj
COMPILER INVOKED BY: C:\Keil_v5\C51\BIN\C51.EXE main.c OPTIMIZE(8,SPEED) BROWSE DEBUG OBJECTEXTEND PRINT(.\Listings\main
                    -.lst) TABS(2) OBJECT(.\Objects\main.obj)

line level    source

   1          #include <REGX52.H>
   2          
   3          
   4          void Delay1ms(unsigned int x)   //@12.000MHz
   5          {
   6   1        unsigned char i, j;
   7   1        while(x)
   8   1        {
   9   2          i = 2;
  10   2          j = 239;
  11   2          do
  12   2          {
  13   3            while (--j);
  14   3          } while (--i);
  15   2          
  16   2          x--;
  17   2        }
  18   1      }
  19          
  20          void main()
  21          {
  22   1        unsigned char LEDNum;
  23   1        P2=~0x01;
  24   1        while(1)
  25   1        {
  26   2          if(P3_0==0)
  27   2          {
  28   3            Delay1ms(20);
  29   3            while(P3_0==0);
  30   3            Delay1ms(20);
  31   3            
  32   3            LEDNum++;
  33   3            if(LEDNum>=8)
  34   3            {
  35   4              LEDNum = 0;
  36   4            }
  37   3            P2=~(0x01<<LEDNum);  
  38   3          }
  39   2          if(P3_1==0)
  40   2          {
  41   3            Delay1ms(20);
  42   3            while(P3_1==0);
  43   3            Delay1ms(20);
  44   3            
  45   3            if(LEDNum==0)
  46   3            {
  47   4              LEDNum=7;
  48   4            }
  49   3            else
  50   3            {
  51   4              LEDNum--;
  52   4            }
  53   3      
  54   3            P2=~(0x01<<LEDNum);  
C51 COMPILER V9.60.7.0   MAIN                                                              01/12/2023 21:29:55 PAGE 2   

  55   3          }
  56   2        }
  57   1      }


MODULE INFORMATION:   STATIC OVERLAYABLE
   CODE SIZE        =     98    ----
   CONSTANT SIZE    =   ----    ----
   XDATA SIZE       =   ----    ----
   PDATA SIZE       =   ----    ----
   DATA SIZE        =   ----    ----
   IDATA SIZE       =   ----    ----
   BIT SIZE         =   ----    ----
END OF MODULE INFORMATION.


C51 COMPILATION COMPLETE.  0 WARNING(S),  0 ERROR(S)
