C51 COMPILER V9.60.7.0   MAIN                                                              01/12/2023 21:14:43 PAGE 1   


C51 COMPILER V9.60.7.0, COMPILATION OF MODULE MAIN
OBJECT MODULE PLACED IN .\Objects\main.obj
COMPILER INVOKED BY: C:\Keil_v5\C51\BIN\C51.EXE main.c OPTIMIZE(8,SPEED) BROWSE DEBUG OBJECTEXTEND PRINT(.\Listings\main
                    -.lst) TABS(2) OBJECT(.\Objects\main.obj)

line level    source

   1          #include <REGX52.H>
   2          
   3          void Delay1ms(unsigned int x)   //@12.000MHz
   4          {
   5   1        unsigned char i, j;
   6   1        while(x)
   7   1        {
   8   2          i = 2;
   9   2          j = 239;
  10   2          do
  11   2          {
  12   3            while (--j);
  13   3          } while (--i);
  14   2          
  15   2          x--;
  16   2        }
  17   1      }
  18          
  19          void main()
  20          {
  21   1      
  22   1         while(1)
  23   1         {
  24   2           if(P3_1==0)
  25   2           {
  26   3             Delay1ms(20);
  27   3             while(P3_1==0);
  28   3             Delay1ms(20);
  29   3      
  30   3             P2--;
  31   3             
  32   3      
  33   3           }
  34   2         }
  35   1      }


MODULE INFORMATION:   STATIC OVERLAYABLE
   CODE SIZE        =     44    ----
   CONSTANT SIZE    =   ----    ----
   XDATA SIZE       =   ----    ----
   PDATA SIZE       =   ----    ----
   DATA SIZE        =   ----    ----
   IDATA SIZE       =   ----    ----
   BIT SIZE         =   ----    ----
END OF MODULE INFORMATION.


C51 COMPILATION COMPLETE.  0 WARNING(S),  0 ERROR(S)
