C51 COMPILER V9.60.7.0   MAIN                                                              01/13/2023 00:29:39 PAGE 1   


C51 COMPILER V9.60.7.0, COMPILATION OF MODULE MAIN
OBJECT MODULE PLACED IN .\Objects\main.obj
COMPILER INVOKED BY: C:\Keil_v5\C51\BIN\C51.EXE main.c OPTIMIZE(8,SPEED) BROWSE DEBUG OBJECTEXTEND PRINT(.\Listings\main
                    -.lst) TABS(2) OBJECT(.\Objects\main.obj)

line level    source

   1          #include <REGX52.H>
   2          
   3          unsigned char NixieTable[]={0x3F,0x06,0x5B,0x4F,0x66,0x6D,0x7D,0x07,0x7F,0x6F};
   4          
   5          void Delay1ms(unsigned int xms)   //@12.000MHz
   6          {
   7   1        unsigned char i, j;
   8   1        while(xms)
   9   1        {
  10   2          i = 2;
  11   2          j = 239;
  12   2          do
  13   2          {
  14   3            while (--j);
  15   3          } while (--i);
  16   2          xms--;
  17   2        }
  18   1      }
  19          
  20          
  21          void Nixie(unsigned char Location,Number)
  22          {
  23   1        switch(Location)
  24   1        {
  25   2          case 1:
  26   2            P2_4=1;P2_3=1;P2_2=1;break;
  27   2          case 2:
  28   2            P2_4=1;P2_3=1;P2_2=0;break;
  29   2          case 3:
  30   2            P2_4=1;P2_3=0;P2_2=1;break;
  31   2          case 4:
  32   2            P2_4=1;P2_3=0;P2_2=0;break;
  33   2          case 5:
  34   2            P2_4=0;P2_3=1;P2_2=1;break;
  35   2          case 6:
  36   2            P2_4=0;P2_3=1;P2_2=0;break;
  37   2          case 7:
  38   2            P2_4=0;P2_3=0;P2_2=1;break;
  39   2          case 8:
  40   2            P2_4=0;P2_3=0;P2_2=0;break;   
  41   2        }
  42   1        P0=NixieTable[Number];
  43   1        Delay1ms(1);
  44   1        P0=0x00;
  45   1      }
  46          void main()
  47          {
  48   1        
  49   1        while(1)
  50   1        {
  51   2          Nixie(6,5);
  52   2      //    Delay1ms(20);
  53   2          Nixie(7,2);
  54   2      //    Delay1ms(20);
C51 COMPILER V9.60.7.0   MAIN                                                              01/13/2023 00:29:39 PAGE 2   

  55   2          Nixie(8,0);
  56   2      //    Delay1ms(20);
  57   2        }
  58   1        
  59   1      }


MODULE INFORMATION:   STATIC OVERLAYABLE
   CODE SIZE        =    157    ----
   CONSTANT SIZE    =   ----    ----
   XDATA SIZE       =   ----    ----
   PDATA SIZE       =   ----    ----
   DATA SIZE        =     10    ----
   IDATA SIZE       =   ----    ----
   BIT SIZE         =   ----    ----
END OF MODULE INFORMATION.


C51 COMPILATION COMPLETE.  0 WARNING(S),  0 ERROR(S)
